<?xml version="1.0" encoding="UTF-8"?>
<testsuites name="20190919_120923" timestamp="2019-09-19T12:09:23" time="28.071" tests="6" errors="4">
  <testsuite id="1" name="gmail" package="gmail" hostname="ATMECSINDT-055" timestamp="2019-09-19T12:09:25" time="23.607" tests="6" errors="4">
    <properties>
      <property name="Run From" value="ATMECSINDT-055" />
      <property name="Run OS" value="amd64 Windows 10 10.0" />
      <property name="Run User" value="Sandhiya.Munisamy" />
      <property name="Iteration" value="1 of 1" />
      <property name="Script" value="gmail.xlsx" />
      <property name="Logs" value="C:\projects\OnlineWebApplication\output\20190919_120923\logs\nexial-20190919_120923.log" />
      <property name="Data File" value="gmail.data.xlsx" />
      <property name="DataSheet(s)" value="#default" />
      <property name="runtime args" value="-script C:\projects\OnlineWebApplication\artifact\script\gmail.xlsx" />
    </properties>
    <testcase id="Activity 1" name="Activity 1" classname="Scenario" timestamp="2019-09-19T12:09:27" time="21.234">
      <system-out>Total : 1
Passed: 1
Failed: 0
Output: C:\projects\OnlineWebApplication\output\20190919_120923\gmail.20190919_120925.001.xlsx
Logs  : C:\projects\OnlineWebApplication\output\20190919_120923\logs\nexial-20190919_120923.log</system-out>
    </testcase>
    <testcase id="openUrl" name="openUrl" classname="Scenario" timestamp="2019-09-19T12:09:28" time="20.350">
      <system-out>Total : 1
Passed: 1
Failed: 0
Output: C:\projects\OnlineWebApplication\output\20190919_120923\gmail.20190919_120925.001.xlsx
Logs  : C:\projects\OnlineWebApplication\output\20190919_120923\logs\nexial-20190919_120923.log</system-out>
    </testcase>
    <testcase id="Email" name="Email" classname="Scenario" timestamp="2019-09-19T12:09:41" time="7.382">
      <failure type="failure found in test activity" message="1 of 1 FAILED. Check C:\projects\OnlineWebApplication\output\20190919_120923\gmail.20190919_120925.001.xlsx for execution result, C:\projects\OnlineWebApplication\output\20190919_120923\logs\nexial-20190919_120923.log for execution logs" />
      <system-out>Total : 1
Passed: 0
Failed: 1
Output: C:\projects\OnlineWebApplication\output\20190919_120923\gmail.20190919_120925.001.xlsx
Logs  : C:\projects\OnlineWebApplication\output\20190919_120923\logs\nexial-20190919_120923.log</system-out>
    </testcase>
    <testcase id="NextButton" name="NextButton" classname="Scenario" timestamp="2019-09-19T12:09:41" time="6.729">
      <failure type="failure found in test activity" message="1 of 1 FAILED. Check C:\projects\OnlineWebApplication\output\20190919_120923\gmail.20190919_120925.001.xlsx for execution result, C:\projects\OnlineWebApplication\output\20190919_120923\logs\nexial-20190919_120923.log for execution logs" />
      <system-out>Total : 1
Passed: 0
Failed: 1
Output: C:\projects\OnlineWebApplication\output\20190919_120923\gmail.20190919_120925.001.xlsx
Logs  : C:\projects\OnlineWebApplication\output\20190919_120923\logs\nexial-20190919_120923.log</system-out>
    </testcase>
    <testcase id="password" name="password" classname="Scenario" timestamp="2019-09-19T12:09:42" time="6.110">
      <failure type="failure found in test activity" message="1 of 1 FAILED. Check C:\projects\OnlineWebApplication\output\20190919_120923\gmail.20190919_120925.001.xlsx for execution result, C:\projects\OnlineWebApplication\output\20190919_120923\logs\nexial-20190919_120923.log for execution logs" />
      <system-out>Total : 1
Passed: 0
Failed: 1
Output: C:\projects\OnlineWebApplication\output\20190919_120923\gmail.20190919_120925.001.xlsx
Logs  : C:\projects\OnlineWebApplication\output\20190919_120923\logs\nexial-20190919_120923.log</system-out>
    </testcase>
    <testcase id="submitButton" name="submitButton" classname="Scenario" timestamp="2019-09-19T12:09:44" time="4.606">
      <failure type="failure found in test activity" message="1 of 1 FAILED. Check C:\projects\OnlineWebApplication\output\20190919_120923\gmail.20190919_120925.001.xlsx for execution result, C:\projects\OnlineWebApplication\output\20190919_120923\logs\nexial-20190919_120923.log for execution logs" />
      <system-out>Total : 1
Passed: 0
Failed: 1
Output: C:\projects\OnlineWebApplication\output\20190919_120923\gmail.20190919_120925.001.xlsx
Logs  : C:\projects\OnlineWebApplication\output\20190919_120923\logs\nexial-20190919_120923.log</system-out>
    </testcase>
  </testsuite>
</testsuites>
