<?xml version="1.0" encoding="UTF-8"?>
<testsuites name="20190919_124618" timestamp="2019-09-19T12:46:18" time="35.083" tests="18" errors="2">
  <testsuite id="1" name="OnlineFlightBooking" package="OnlineFlightBooking" hostname="ATMECSINDT-055" timestamp="2019-09-19T12:46:20" time="30.380" tests="18" errors="2">
    <properties>
      <property name="Run From" value="ATMECSINDT-055" />
      <property name="Run OS" value="amd64 Windows 10 10.0" />
      <property name="Run User" value="Sandhiya.Munisamy" />
      <property name="Iteration" value="1 of 1" />
      <property name="Script" value="OnlineFlightBooking.xlsx" />
      <property name="Logs" value="C:\projects\OnlineWebApplication\output\20190919_124618\logs\nexial-20190919_124618.log" />
      <property name="Data File" value="OnlineFlightBooking.data.xlsx" />
      <property name="DataSheet(s)" value="#default" />
      <property name="runtime args" value="-script C:\projects\OnlineWebApplication\artifact\script\OnlineFlightBooking.xlsx" />
    </properties>
    <testcase id="OpenUrl" name="OpenUrl" classname="BookingFlight" timestamp="2019-09-19T12:46:22" time="28.165">
      <system-out>Total : 1
Passed: 1
Failed: 0
Output: C:\projects\OnlineWebApplication\output\20190919_124618\OnlineFlightBooking.20190919_124620.001.xlsx
Logs  : C:\projects\OnlineWebApplication\output\20190919_124618\logs\nexial-20190919_124618.log</system-out>
    </testcase>
    <testcase id="maximize" name="maximize" classname="BookingFlight" timestamp="2019-09-19T12:46:31" time="18.865">
      <system-out>Total : 1
Passed: 1
Failed: 0
Output: C:\projects\OnlineWebApplication\output\20190919_124618\OnlineFlightBooking.20190919_124620.001.xlsx
Logs  : C:\projects\OnlineWebApplication\output\20190919_124618\logs\nexial-20190919_124618.log</system-out>
    </testcase>
    <testcase id="AssertLogo" name="AssertLogo" classname="BookingFlight" timestamp="2019-09-19T12:46:33" time="17.055">
      <failure type="failure found in test activity" message="1 of 1 FAILED. Check C:\projects\OnlineWebApplication\output\20190919_124618\OnlineFlightBooking.20190919_124620.001.xlsx for execution result, C:\projects\OnlineWebApplication\output\20190919_124618\logs\nexial-20190919_124618.log for execution logs" />
      <system-out>Total : 1
Passed: 0
Failed: 1
Output: C:\projects\OnlineWebApplication\output\20190919_124618\OnlineFlightBooking.20190919_124620.001.xlsx
Logs  : C:\projects\OnlineWebApplication\output\20190919_124618\logs\nexial-20190919_124618.log</system-out>
    </testcase>
    <testcase id="AssertTitle" name="AssertTitle" classname="BookingFlight" timestamp="2019-09-19T12:46:34" time="16.016">
      <failure type="failure found in test activity" message="1 of 1 FAILED. Check C:\projects\OnlineWebApplication\output\20190919_124618\OnlineFlightBooking.20190919_124620.001.xlsx for execution result, C:\projects\OnlineWebApplication\output\20190919_124618\logs\nexial-20190919_124618.log for execution logs" />
      <system-out>Total : 1
Passed: 0
Failed: 1
Output: C:\projects\OnlineWebApplication\output\20190919_124618\OnlineFlightBooking.20190919_124620.001.xlsx
Logs  : C:\projects\OnlineWebApplication\output\20190919_124618\logs\nexial-20190919_124618.log</system-out>
    </testcase>
    <testcase id="ClickOnSource" name="ClickOnSource" classname="BookingFlight" timestamp="2019-09-19T12:46:35" time="15.363">
      <system-out>Total : 1
Passed: 1
Failed: 0
Output: C:\projects\OnlineWebApplication\output\20190919_124618\OnlineFlightBooking.20190919_124620.001.xlsx
Logs  : C:\projects\OnlineWebApplication\output\20190919_124618\logs\nexial-20190919_124618.log</system-out>
    </testcase>
    <testcase id="TypeSource" name="TypeSource" classname="BookingFlight" timestamp="2019-09-19T12:46:35" time="14.580">
      <system-out>Total : 1
Passed: 1
Failed: 0
Output: C:\projects\OnlineWebApplication\output\20190919_124618\OnlineFlightBooking.20190919_124620.001.xlsx
Logs  : C:\projects\OnlineWebApplication\output\20190919_124618\logs\nexial-20190919_124618.log</system-out>
    </testcase>
    <testcase id="ClickDownArrowSrc" name="ClickDownArrowSrc" classname="BookingFlight" timestamp="2019-09-19T12:46:36" time="13.555">
      <system-out>Total : 1
Passed: 1
Failed: 0
Output: C:\projects\OnlineWebApplication\output\20190919_124618\OnlineFlightBooking.20190919_124620.001.xlsx
Logs  : C:\projects\OnlineWebApplication\output\20190919_124618\logs\nexial-20190919_124618.log</system-out>
    </testcase>
    <testcase id="ClickEnterSrc" name="ClickEnterSrc" classname="BookingFlight" timestamp="2019-09-19T12:46:38" time="12.252">
      <system-out>Total : 1
Passed: 1
Failed: 0
Output: C:\projects\OnlineWebApplication\output\20190919_124618\OnlineFlightBooking.20190919_124620.001.xlsx
Logs  : C:\projects\OnlineWebApplication\output\20190919_124618\logs\nexial-20190919_124618.log</system-out>
    </testcase>
    <testcase id="TypeDestination" name="TypeDestination" classname="BookingFlight" timestamp="2019-09-19T12:46:39" time="10.988">
      <system-out>Total : 1
Passed: 1
Failed: 0
Output: C:\projects\OnlineWebApplication\output\20190919_124618\OnlineFlightBooking.20190919_124620.001.xlsx
Logs  : C:\projects\OnlineWebApplication\output\20190919_124618\logs\nexial-20190919_124618.log</system-out>
    </testcase>
    <testcase id="ClickDownArrowDest" name="ClickDownArrowDest" classname="BookingFlight" timestamp="2019-09-19T12:46:40" time="10.109">
      <system-out>Total : 1
Passed: 1
Failed: 0
Output: C:\projects\OnlineWebApplication\output\20190919_124618\OnlineFlightBooking.20190919_124620.001.xlsx
Logs  : C:\projects\OnlineWebApplication\output\20190919_124618\logs\nexial-20190919_124618.log</system-out>
    </testcase>
    <testcase id="ClickEnterDes" name="ClickEnterDes" classname="BookingFlight" timestamp="2019-09-19T12:46:41" time="8.874">
      <system-out>Total : 1
Passed: 1
Failed: 0
Output: C:\projects\OnlineWebApplication\output\20190919_124618\OnlineFlightBooking.20190919_124620.001.xlsx
Logs  : C:\projects\OnlineWebApplication\output\20190919_124618\logs\nexial-20190919_124618.log</system-out>
    </testcase>
    <testcase id="SelectDepartureDate" name="SelectDepartureDate" classname="BookingFlight" timestamp="2019-09-19T12:46:42" time="7.604">
      <system-out>Total : 1
Passed: 1
Failed: 0
Output: C:\projects\OnlineWebApplication\output\20190919_124618\OnlineFlightBooking.20190919_124620.001.xlsx
Logs  : C:\projects\OnlineWebApplication\output\20190919_124618\logs\nexial-20190919_124618.log</system-out>
    </testcase>
    <testcase id="ClickReturnDate" name="ClickReturnDate" classname="BookingFlight" timestamp="2019-09-19T12:46:43" time="6.863">
      <system-out>Total : 1
Passed: 1
Failed: 0
Output: C:\projects\OnlineWebApplication\output\20190919_124618\OnlineFlightBooking.20190919_124620.001.xlsx
Logs  : C:\projects\OnlineWebApplication\output\20190919_124618\logs\nexial-20190919_124618.log</system-out>
    </testcase>
    <testcase id="SelectReturnDate" name="SelectReturnDate" classname="BookingFlight" timestamp="2019-09-19T12:46:44" time="6.097">
      <system-out>Total : 1
Passed: 1
Failed: 0
Output: C:\projects\OnlineWebApplication\output\20190919_124618\OnlineFlightBooking.20190919_124620.001.xlsx
Logs  : C:\projects\OnlineWebApplication\output\20190919_124618\logs\nexial-20190919_124618.log</system-out>
    </testcase>
    <testcase id="ClickSearch" name="ClickSearch" classname="BookingFlight" timestamp="2019-09-19T12:46:45" time="5.374">
      <system-out>Total : 1
Passed: 1
Failed: 0
Output: C:\projects\OnlineWebApplication\output\20190919_124618\OnlineFlightBooking.20190919_124620.001.xlsx
Logs  : C:\projects\OnlineWebApplication\output\20190919_124618\logs\nexial-20190919_124618.log</system-out>
    </testcase>
    <testcase id="clickFlight" name="clickFlight" classname="BookingFlight" timestamp="2019-09-19T12:46:45" time="4.532">
      <system-out>Total : 1
Passed: 1
Failed: 0
Output: C:\projects\OnlineWebApplication\output\20190919_124618\OnlineFlightBooking.20190919_124620.001.xlsx
Logs  : C:\projects\OnlineWebApplication\output\20190919_124618\logs\nexial-20190919_124618.log</system-out>
    </testcase>
    <testcase id="ClickBook" name="ClickBook" classname="BookingFlight" timestamp="2019-09-19T12:46:47" time="3.174">
      <system-out>Total : 1
Passed: 1
Failed: 0
Output: C:\projects\OnlineWebApplication\output\20190919_124618\OnlineFlightBooking.20190919_124620.001.xlsx
Logs  : C:\projects\OnlineWebApplication\output\20190919_124618\logs\nexial-20190919_124618.log</system-out>
    </testcase>
    <testcase id="writedatatocsv" name="writedatatocsv" classname="BookingFlight" timestamp="2019-09-19T12:46:48" time="2.215">
      <system-out>Total : 1
Passed: 1
Failed: 0
Output: C:\projects\OnlineWebApplication\output\20190919_124618\OnlineFlightBooking.20190919_124620.001.xlsx
Logs  : C:\projects\OnlineWebApplication\output\20190919_124618\logs\nexial-20190919_124618.log</system-out>
    </testcase>
  </testsuite>
</testsuites>
