<?xml version="1.0" encoding="UTF-8"?>
<testsuites name="20190919_122153" timestamp="2019-09-19T12:21:53" time="21.099" tests="7" errors="2">
  <testsuite id="1" name="OrangeHRM" package="OrangeHRM" hostname="ATMECSINDT-055" timestamp="2019-09-19T12:21:54" time="17.526" tests="7" errors="2">
    <properties>
      <property name="Run From" value="ATMECSINDT-055" />
      <property name="Run OS" value="amd64 Windows 10 10.0" />
      <property name="Run User" value="Sandhiya.Munisamy" />
      <property name="Iteration" value="1 of 1" />
      <property name="Script" value="OrangeHRM.xlsx" />
      <property name="Logs" value="C:\projects\OnlineWebApplication\output\20190919_122153\logs\nexial-20190919_122153.log" />
      <property name="Data File" value="OrangeHRM.data.xlsx" />
      <property name="DataSheet(s)" value="#default" />
      <property name="runtime args" value="-script C:\projects\OnlineWebApplication\artifact\script\OrangeHRM.xlsx" />
    </properties>
    <testcase id="Openurl" name="Openurl" classname="Scenario" timestamp="2019-09-19T12:21:56" time="15.320">
      <system-out>Total : 1
Passed: 1
Failed: 0
Output: C:\projects\OnlineWebApplication\output\20190919_122153\OrangeHRM.20190919_122154.001.xlsx
Logs  : C:\projects\OnlineWebApplication\output\20190919_122153\logs\nexial-20190919_122153.log</system-out>
    </testcase>
    <testcase id="MaximizeWindow" name="MaximizeWindow" classname="Scenario" timestamp="2019-09-19T12:22:04" time="7.724">
      <system-out>Total : 1
Passed: 1
Failed: 0
Output: C:\projects\OnlineWebApplication\output\20190919_122153\OrangeHRM.20190919_122154.001.xlsx
Logs  : C:\projects\OnlineWebApplication\output\20190919_122153\logs\nexial-20190919_122153.log</system-out>
    </testcase>
    <testcase id="ClickUsername" name="ClickUsername" classname="Scenario" timestamp="2019-09-19T12:22:06" time="5.945">
      <system-out>Total : 1
Passed: 1
Failed: 0
Output: C:\projects\OnlineWebApplication\output\20190919_122153\OrangeHRM.20190919_122154.001.xlsx
Logs  : C:\projects\OnlineWebApplication\output\20190919_122153\logs\nexial-20190919_122153.log</system-out>
    </testcase>
    <testcase id="EnterUserName" name="EnterUserName" classname="Scenario" timestamp="2019-09-19T12:22:06" time="5.192">
      <system-out>Total : 1
Passed: 1
Failed: 0
Output: C:\projects\OnlineWebApplication\output\20190919_122153\OrangeHRM.20190919_122154.001.xlsx
Logs  : C:\projects\OnlineWebApplication\output\20190919_122153\logs\nexial-20190919_122153.log</system-out>
    </testcase>
    <testcase id="ClickPassword" name="ClickPassword" classname="Scenario" timestamp="2019-09-19T12:22:07" time="4.287">
      <failure type="failure found in test activity" message="1 of 1 FAILED. Check C:\projects\OnlineWebApplication\output\20190919_122153\OrangeHRM.20190919_122154.001.xlsx for execution result, C:\projects\OnlineWebApplication\output\20190919_122153\logs\nexial-20190919_122153.log for execution logs" />
      <system-out>Total : 1
Passed: 0
Failed: 1
Output: C:\projects\OnlineWebApplication\output\20190919_122153\OrangeHRM.20190919_122154.001.xlsx
Logs  : C:\projects\OnlineWebApplication\output\20190919_122153\logs\nexial-20190919_122153.log</system-out>
    </testcase>
    <testcase id="EnterPassword" name="EnterPassword" classname="Scenario" timestamp="2019-09-19T12:22:09" time="2.817">
      <failure type="failure found in test activity" message="1 of 1 FAILED. Check C:\projects\OnlineWebApplication\output\20190919_122153\OrangeHRM.20190919_122154.001.xlsx for execution result, C:\projects\OnlineWebApplication\output\20190919_122153\logs\nexial-20190919_122153.log for execution logs" />
      <system-out>Total : 1
Passed: 0
Failed: 1
Output: C:\projects\OnlineWebApplication\output\20190919_122153\OrangeHRM.20190919_122154.001.xlsx
Logs  : C:\projects\OnlineWebApplication\output\20190919_122153\logs\nexial-20190919_122153.log</system-out>
    </testcase>
    <testcase id="signin" name="signin" classname="Scenario" timestamp="2019-09-19T12:22:10" time="1.324">
      <system-out>Total : 1
Passed: 1
Failed: 0
Output: C:\projects\OnlineWebApplication\output\20190919_122153\OrangeHRM.20190919_122154.001.xlsx
Logs  : C:\projects\OnlineWebApplication\output\20190919_122153\logs\nexial-20190919_122153.log</system-out>
    </testcase>
  </testsuite>
</testsuites>
