<?xml version="1.0" encoding="UTF-8"?>
<testsuites name="20190919_121355" timestamp="2019-09-19T12:13:55" time="25.044" tests="8" errors="2">
  <testsuite id="1" name="OrangeHRM" package="OrangeHRM" hostname="ATMECSINDT-055" timestamp="2019-09-19T12:13:56" time="20.541" tests="8" errors="2">
    <properties>
      <property name="Run From" value="ATMECSINDT-055" />
      <property name="Run OS" value="amd64 Windows 10 10.0" />
      <property name="Run User" value="Sandhiya.Munisamy" />
      <property name="Iteration" value="1 of 1" />
      <property name="Script" value="OrangeHRM.xlsx" />
      <property name="Logs" value="C:\projects\OnlineWebApplication\output\20190919_121355\logs\nexial-20190919_121355.log" />
      <property name="Data File" value="OrangeHRM.data.xlsx" />
      <property name="DataSheet(s)" value="#default" />
      <property name="runtime args" value="-script C:\projects\OnlineWebApplication\artifact\script\OrangeHRM.xlsx" />
    </properties>
    <testcase id="Activity 1" name="Activity 1" classname="Scenario" timestamp="2019-09-19T12:13:58" time="18.442">
      <system-out>Total : 1
Passed: 1
Failed: 0
Output: C:\projects\OnlineWebApplication\output\20190919_121355\OrangeHRM.20190919_121356.001.xlsx
Logs  : C:\projects\OnlineWebApplication\output\20190919_121355\logs\nexial-20190919_121355.log</system-out>
    </testcase>
    <testcase id="Openurl" name="Openurl" classname="Scenario" timestamp="2019-09-19T12:13:59" time="17.559">
      <system-out>Total : 1
Passed: 1
Failed: 0
Output: C:\projects\OnlineWebApplication\output\20190919_121355\OrangeHRM.20190919_121356.001.xlsx
Logs  : C:\projects\OnlineWebApplication\output\20190919_121355\logs\nexial-20190919_121355.log</system-out>
    </testcase>
    <testcase id="MaximizeWindow" name="MaximizeWindow" classname="Scenario" timestamp="2019-09-19T12:14:09" time="7.739">
      <system-out>Total : 1
Passed: 1
Failed: 0
Output: C:\projects\OnlineWebApplication\output\20190919_121355\OrangeHRM.20190919_121356.001.xlsx
Logs  : C:\projects\OnlineWebApplication\output\20190919_121355\logs\nexial-20190919_121355.log</system-out>
    </testcase>
    <testcase id="ClickUsername" name="ClickUsername" classname="Scenario" timestamp="2019-09-19T12:14:10" time="5.971">
      <system-out>Total : 1
Passed: 1
Failed: 0
Output: C:\projects\OnlineWebApplication\output\20190919_121355\OrangeHRM.20190919_121356.001.xlsx
Logs  : C:\projects\OnlineWebApplication\output\20190919_121355\logs\nexial-20190919_121355.log</system-out>
    </testcase>
    <testcase id="EnterUserName" name="EnterUserName" classname="Scenario" timestamp="2019-09-19T12:14:11" time="5.217">
      <system-out>Total : 1
Passed: 1
Failed: 0
Output: C:\projects\OnlineWebApplication\output\20190919_121355\OrangeHRM.20190919_121356.001.xlsx
Logs  : C:\projects\OnlineWebApplication\output\20190919_121355\logs\nexial-20190919_121355.log</system-out>
    </testcase>
    <testcase id="ClickPassword" name="ClickPassword" classname="Scenario" timestamp="2019-09-19T12:14:12" time="4.265">
      <failure type="failure found in test activity" message="1 of 1 FAILED. Check C:\projects\OnlineWebApplication\output\20190919_121355\OrangeHRM.20190919_121356.001.xlsx for execution result, C:\projects\OnlineWebApplication\output\20190919_121355\logs\nexial-20190919_121355.log for execution logs" />
      <system-out>Total : 1
Passed: 0
Failed: 1
Output: C:\projects\OnlineWebApplication\output\20190919_121355\OrangeHRM.20190919_121356.001.xlsx
Logs  : C:\projects\OnlineWebApplication\output\20190919_121355\logs\nexial-20190919_121355.log</system-out>
    </testcase>
    <testcase id="EnterPassword" name="EnterPassword" classname="Scenario" timestamp="2019-09-19T12:14:14" time="2.777">
      <failure type="failure found in test activity" message="1 of 1 FAILED. Check C:\projects\OnlineWebApplication\output\20190919_121355\OrangeHRM.20190919_121356.001.xlsx for execution result, C:\projects\OnlineWebApplication\output\20190919_121355\logs\nexial-20190919_121355.log for execution logs" />
      <system-out>Total : 1
Passed: 0
Failed: 1
Output: C:\projects\OnlineWebApplication\output\20190919_121355\OrangeHRM.20190919_121356.001.xlsx
Logs  : C:\projects\OnlineWebApplication\output\20190919_121355\logs\nexial-20190919_121355.log</system-out>
    </testcase>
    <testcase id="signin" name="signin" classname="Scenario" timestamp="2019-09-19T12:14:15" time="1.288">
      <system-out>Total : 1
Passed: 1
Failed: 0
Output: C:\projects\OnlineWebApplication\output\20190919_121355\OrangeHRM.20190919_121356.001.xlsx
Logs  : C:\projects\OnlineWebApplication\output\20190919_121355\logs\nexial-20190919_121355.log</system-out>
    </testcase>
  </testsuite>
</testsuites>
