<?xml version="1.0" encoding="UTF-8"?>
<testsuites name="20190919_131400" timestamp="2019-09-19T13:14:00" time="36.164" tests="18" errors="1">
  <testsuite id="1" name="OnlineFlightBooking" package="OnlineFlightBooking" hostname="ATMECSINDT-055" timestamp="2019-09-19T13:14:01" time="31.204" tests="18" errors="1">
    <properties>
      <property name="Run From" value="ATMECSINDT-055" />
      <property name="Run OS" value="amd64 Windows 10 10.0" />
      <property name="Run User" value="Sandhiya.Munisamy" />
      <property name="Iteration" value="1 of 1" />
      <property name="Script" value="OnlineFlightBooking.xlsx" />
      <property name="Logs" value="C:\projects\OnlineWebApplication\output\20190919_131400\logs\nexial-20190919_131400.log" />
      <property name="Data File" value="OnlineFlightBooking.data.xlsx" />
      <property name="DataSheet(s)" value="#default" />
      <property name="runtime args" value="-script C:\projects\OnlineWebApplication\artifact\script\OnlineFlightBooking.xlsx" />
    </properties>
    <testcase id="OpenUrl" name="OpenUrl" classname="BookingFlight" timestamp="2019-09-19T13:14:03" time="29.065">
      <system-out>Total : 1
Passed: 1
Failed: 0
Output: C:\projects\OnlineWebApplication\output\20190919_131400\OnlineFlightBooking.20190919_131401.001.xlsx
Logs  : C:\projects\OnlineWebApplication\output\20190919_131400\logs\nexial-20190919_131400.log</system-out>
    </testcase>
    <testcase id="maximize" name="maximize" classname="BookingFlight" timestamp="2019-09-19T13:14:12" time="20.252">
      <system-out>Total : 1
Passed: 1
Failed: 0
Output: C:\projects\OnlineWebApplication\output\20190919_131400\OnlineFlightBooking.20190919_131401.001.xlsx
Logs  : C:\projects\OnlineWebApplication\output\20190919_131400\logs\nexial-20190919_131400.log</system-out>
    </testcase>
    <testcase id="AssertLogo" name="AssertLogo" classname="BookingFlight" timestamp="2019-09-19T13:14:14" time="18.420">
      <system-out>Total : 1
Passed: 1
Failed: 0
Output: C:\projects\OnlineWebApplication\output\20190919_131400\OnlineFlightBooking.20190919_131401.001.xlsx
Logs  : C:\projects\OnlineWebApplication\output\20190919_131400\logs\nexial-20190919_131400.log</system-out>
    </testcase>
    <testcase id="AssertTitle" name="AssertTitle" classname="BookingFlight" timestamp="2019-09-19T13:14:15" time="17.272">
      <system-out>Total : 1
Passed: 1
Failed: 0
Output: C:\projects\OnlineWebApplication\output\20190919_131400\OnlineFlightBooking.20190919_131401.001.xlsx
Logs  : C:\projects\OnlineWebApplication\output\20190919_131400\logs\nexial-20190919_131400.log</system-out>
    </testcase>
    <testcase id="ClickOnSource" name="ClickOnSource" classname="BookingFlight" timestamp="2019-09-19T13:14:16" time="16.540">
      <system-out>Total : 1
Passed: 1
Failed: 0
Output: C:\projects\OnlineWebApplication\output\20190919_131400\OnlineFlightBooking.20190919_131401.001.xlsx
Logs  : C:\projects\OnlineWebApplication\output\20190919_131400\logs\nexial-20190919_131400.log</system-out>
    </testcase>
    <testcase id="TypeSource" name="TypeSource" classname="BookingFlight" timestamp="2019-09-19T13:14:16" time="15.807">
      <system-out>Total : 1
Passed: 1
Failed: 0
Output: C:\projects\OnlineWebApplication\output\20190919_131400\OnlineFlightBooking.20190919_131401.001.xlsx
Logs  : C:\projects\OnlineWebApplication\output\20190919_131400\logs\nexial-20190919_131400.log</system-out>
    </testcase>
    <testcase id="ClickDownArrowSrc" name="ClickDownArrowSrc" classname="BookingFlight" timestamp="2019-09-19T13:14:17" time="14.833">
      <system-out>Total : 1
Passed: 1
Failed: 0
Output: C:\projects\OnlineWebApplication\output\20190919_131400\OnlineFlightBooking.20190919_131401.001.xlsx
Logs  : C:\projects\OnlineWebApplication\output\20190919_131400\logs\nexial-20190919_131400.log</system-out>
    </testcase>
    <testcase id="ClickEnterSrc" name="ClickEnterSrc" classname="BookingFlight" timestamp="2019-09-19T13:14:19" time="13.565">
      <system-out>Total : 1
Passed: 1
Failed: 0
Output: C:\projects\OnlineWebApplication\output\20190919_131400\OnlineFlightBooking.20190919_131401.001.xlsx
Logs  : C:\projects\OnlineWebApplication\output\20190919_131400\logs\nexial-20190919_131400.log</system-out>
    </testcase>
    <testcase id="TypeDestination" name="TypeDestination" classname="BookingFlight" timestamp="2019-09-19T13:14:20" time="12.286">
      <system-out>Total : 1
Passed: 1
Failed: 0
Output: C:\projects\OnlineWebApplication\output\20190919_131400\OnlineFlightBooking.20190919_131401.001.xlsx
Logs  : C:\projects\OnlineWebApplication\output\20190919_131400\logs\nexial-20190919_131400.log</system-out>
    </testcase>
    <testcase id="ClickDownArrowDest" name="ClickDownArrowDest" classname="BookingFlight" timestamp="2019-09-19T13:14:21" time="11.360">
      <system-out>Total : 1
Passed: 1
Failed: 0
Output: C:\projects\OnlineWebApplication\output\20190919_131400\OnlineFlightBooking.20190919_131401.001.xlsx
Logs  : C:\projects\OnlineWebApplication\output\20190919_131400\logs\nexial-20190919_131400.log</system-out>
    </testcase>
    <testcase id="ClickEnterDes" name="ClickEnterDes" classname="BookingFlight" timestamp="2019-09-19T13:14:22" time="10.115">
      <system-out>Total : 1
Passed: 1
Failed: 0
Output: C:\projects\OnlineWebApplication\output\20190919_131400\OnlineFlightBooking.20190919_131401.001.xlsx
Logs  : C:\projects\OnlineWebApplication\output\20190919_131400\logs\nexial-20190919_131400.log</system-out>
    </testcase>
    <testcase id="SelectDepartureDate" name="SelectDepartureDate" classname="BookingFlight" timestamp="2019-09-19T13:14:23" time="8.857">
      <system-out>Total : 1
Passed: 1
Failed: 0
Output: C:\projects\OnlineWebApplication\output\20190919_131400\OnlineFlightBooking.20190919_131401.001.xlsx
Logs  : C:\projects\OnlineWebApplication\output\20190919_131400\logs\nexial-20190919_131400.log</system-out>
    </testcase>
    <testcase id="ClickReturnDate" name="ClickReturnDate" classname="BookingFlight" timestamp="2019-09-19T13:14:24" time="8.098">
      <system-out>Total : 1
Passed: 1
Failed: 0
Output: C:\projects\OnlineWebApplication\output\20190919_131400\OnlineFlightBooking.20190919_131401.001.xlsx
Logs  : C:\projects\OnlineWebApplication\output\20190919_131400\logs\nexial-20190919_131400.log</system-out>
    </testcase>
    <testcase id="SelectReturnDate" name="SelectReturnDate" classname="BookingFlight" timestamp="2019-09-19T13:14:25" time="7.308">
      <system-out>Total : 1
Passed: 1
Failed: 0
Output: C:\projects\OnlineWebApplication\output\20190919_131400\OnlineFlightBooking.20190919_131401.001.xlsx
Logs  : C:\projects\OnlineWebApplication\output\20190919_131400\logs\nexial-20190919_131400.log</system-out>
    </testcase>
    <testcase id="ClickSearch" name="ClickSearch" classname="BookingFlight" timestamp="2019-09-19T13:14:26" time="6.578">
      <system-out>Total : 1
Passed: 1
Failed: 0
Output: C:\projects\OnlineWebApplication\output\20190919_131400\OnlineFlightBooking.20190919_131401.001.xlsx
Logs  : C:\projects\OnlineWebApplication\output\20190919_131400\logs\nexial-20190919_131400.log</system-out>
    </testcase>
    <testcase id="clickFlight" name="clickFlight" classname="BookingFlight" timestamp="2019-09-19T13:14:27" time="5.656">
      <failure type="failure found in test activity" message="1 of 1 FAILED. Check C:\projects\OnlineWebApplication\output\20190919_131400\OnlineFlightBooking.20190919_131401.001.xlsx for execution result, C:\projects\OnlineWebApplication\output\20190919_131400\logs\nexial-20190919_131400.log for execution logs" />
      <system-out>Total : 1
Passed: 0
Failed: 1
Output: C:\projects\OnlineWebApplication\output\20190919_131400\OnlineFlightBooking.20190919_131401.001.xlsx
Logs  : C:\projects\OnlineWebApplication\output\20190919_131400\logs\nexial-20190919_131400.log</system-out>
    </testcase>
    <testcase id="ClickBook" name="ClickBook" classname="BookingFlight" timestamp="2019-09-19T13:14:28" time="3.930">
      <system-out>Total : 1
Passed: 1
Failed: 0
Output: C:\projects\OnlineWebApplication\output\20190919_131400\OnlineFlightBooking.20190919_131401.001.xlsx
Logs  : C:\projects\OnlineWebApplication\output\20190919_131400\logs\nexial-20190919_131400.log</system-out>
    </testcase>
    <testcase id="writedatatocsv" name="writedatatocsv" classname="BookingFlight" timestamp="2019-09-19T13:14:30" time="2.527">
      <system-out>Total : 1
Passed: 1
Failed: 0
Output: C:\projects\OnlineWebApplication\output\20190919_131400\OnlineFlightBooking.20190919_131401.001.xlsx
Logs  : C:\projects\OnlineWebApplication\output\20190919_131400\logs\nexial-20190919_131400.log</system-out>
    </testcase>
  </testsuite>
</testsuites>
