<?xml version="1.0" encoding="UTF-8"?>
<testsuites name="20190919_123236" timestamp="2019-09-19T12:32:36" time="35.144" tests="16" errors="1">
  <testsuite id="1" name="OnlineFlightBooking" package="OnlineFlightBooking" hostname="ATMECSINDT-055" timestamp="2019-09-19T12:32:37" time="30.194" tests="16" errors="1">
    <properties>
      <property name="Run From" value="ATMECSINDT-055" />
      <property name="Run OS" value="amd64 Windows 10 10.0" />
      <property name="Run User" value="Sandhiya.Munisamy" />
      <property name="Iteration" value="1 of 1" />
      <property name="Script" value="OnlineFlightBooking.xlsx" />
      <property name="Logs" value="C:\projects\OnlineWebApplication\output\20190919_123236\logs\nexial-20190919_123236.log" />
      <property name="Data File" value="OnlineFlightBooking.data.xlsx" />
      <property name="DataSheet(s)" value="#default" />
      <property name="runtime args" value="-script C:\projects\OnlineWebApplication\artifact\script\OnlineFlightBooking.xlsx" />
    </properties>
    <testcase id="OpenUrl" name="OpenUrl" classname="BookingFlight" timestamp="2019-09-19T12:32:39" time="27.904">
      <system-out>Total : 1
Passed: 1
Failed: 0
Output: C:\projects\OnlineWebApplication\output\20190919_123236\OnlineFlightBooking.20190919_123237.001.xlsx
Logs  : C:\projects\OnlineWebApplication\output\20190919_123236\logs\nexial-20190919_123236.log</system-out>
    </testcase>
    <testcase id="maximize" name="maximize" classname="BookingFlight" timestamp="2019-09-19T12:32:49" time="18.499">
      <system-out>Total : 1
Passed: 1
Failed: 0
Output: C:\projects\OnlineWebApplication\output\20190919_123236\OnlineFlightBooking.20190919_123237.001.xlsx
Logs  : C:\projects\OnlineWebApplication\output\20190919_123236\logs\nexial-20190919_123236.log</system-out>
    </testcase>
    <testcase id="clickOnSource" name="clickOnSource" classname="BookingFlight" timestamp="2019-09-19T12:32:51" time="16.692">
      <system-out>Total : 1
Passed: 1
Failed: 0
Output: C:\projects\OnlineWebApplication\output\20190919_123236\OnlineFlightBooking.20190919_123237.001.xlsx
Logs  : C:\projects\OnlineWebApplication\output\20190919_123236\logs\nexial-20190919_123236.log</system-out>
    </testcase>
    <testcase id="TypeSource" name="TypeSource" classname="BookingFlight" timestamp="2019-09-19T12:32:52" time="15.309">
      <system-out>Total : 1
Passed: 1
Failed: 0
Output: C:\projects\OnlineWebApplication\output\20190919_123236\OnlineFlightBooking.20190919_123237.001.xlsx
Logs  : C:\projects\OnlineWebApplication\output\20190919_123236\logs\nexial-20190919_123236.log</system-out>
    </testcase>
    <testcase id="ClickDownArrowSrc" name="ClickDownArrowSrc" classname="BookingFlight" timestamp="2019-09-19T12:32:53" time="14.193">
      <system-out>Total : 1
Passed: 1
Failed: 0
Output: C:\projects\OnlineWebApplication\output\20190919_123236\OnlineFlightBooking.20190919_123237.001.xlsx
Logs  : C:\projects\OnlineWebApplication\output\20190919_123236\logs\nexial-20190919_123236.log</system-out>
    </testcase>
    <testcase id="ClickEnterSrc" name="ClickEnterSrc" classname="BookingFlight" timestamp="2019-09-19T12:32:54" time="12.881">
      <system-out>Total : 1
Passed: 1
Failed: 0
Output: C:\projects\OnlineWebApplication\output\20190919_123236\OnlineFlightBooking.20190919_123237.001.xlsx
Logs  : C:\projects\OnlineWebApplication\output\20190919_123236\logs\nexial-20190919_123236.log</system-out>
    </testcase>
    <testcase id="TypeDestination" name="TypeDestination" classname="BookingFlight" timestamp="2019-09-19T12:32:56" time="11.589">
      <system-out>Total : 1
Passed: 1
Failed: 0
Output: C:\projects\OnlineWebApplication\output\20190919_123236\OnlineFlightBooking.20190919_123237.001.xlsx
Logs  : C:\projects\OnlineWebApplication\output\20190919_123236\logs\nexial-20190919_123236.log</system-out>
    </testcase>
    <testcase id="ClickDownArrowDest" name="ClickDownArrowDest" classname="BookingFlight" timestamp="2019-09-19T12:32:57" time="10.553">
      <system-out>Total : 1
Passed: 1
Failed: 0
Output: C:\projects\OnlineWebApplication\output\20190919_123236\OnlineFlightBooking.20190919_123237.001.xlsx
Logs  : C:\projects\OnlineWebApplication\output\20190919_123236\logs\nexial-20190919_123236.log</system-out>
    </testcase>
    <testcase id="ClickEnterDes" name="ClickEnterDes" classname="BookingFlight" timestamp="2019-09-19T12:32:58" time="9.313">
      <system-out>Total : 1
Passed: 1
Failed: 0
Output: C:\projects\OnlineWebApplication\output\20190919_123236\OnlineFlightBooking.20190919_123237.001.xlsx
Logs  : C:\projects\OnlineWebApplication\output\20190919_123236\logs\nexial-20190919_123236.log</system-out>
    </testcase>
    <testcase id="SelectDepartureDate" name="SelectDepartureDate" classname="BookingFlight" timestamp="2019-09-19T12:32:59" time="8.049">
      <system-out>Total : 1
Passed: 1
Failed: 0
Output: C:\projects\OnlineWebApplication\output\20190919_123236\OnlineFlightBooking.20190919_123237.001.xlsx
Logs  : C:\projects\OnlineWebApplication\output\20190919_123236\logs\nexial-20190919_123236.log</system-out>
    </testcase>
    <testcase id="ClickReturnDate" name="ClickReturnDate" classname="BookingFlight" timestamp="2019-09-19T12:33:00" time="7.309">
      <system-out>Total : 1
Passed: 1
Failed: 0
Output: C:\projects\OnlineWebApplication\output\20190919_123236\OnlineFlightBooking.20190919_123237.001.xlsx
Logs  : C:\projects\OnlineWebApplication\output\20190919_123236\logs\nexial-20190919_123236.log</system-out>
    </testcase>
    <testcase id="SelectReturnDate" name="SelectReturnDate" classname="BookingFlight" timestamp="2019-09-19T12:33:01" time="6.490">
      <system-out>Total : 1
Passed: 1
Failed: 0
Output: C:\projects\OnlineWebApplication\output\20190919_123236\OnlineFlightBooking.20190919_123237.001.xlsx
Logs  : C:\projects\OnlineWebApplication\output\20190919_123236\logs\nexial-20190919_123236.log</system-out>
    </testcase>
    <testcase id="ClickSearch" name="ClickSearch" classname="BookingFlight" timestamp="2019-09-19T12:33:01" time="5.758">
      <system-out>Total : 1
Passed: 1
Failed: 0
Output: C:\projects\OnlineWebApplication\output\20190919_123236\OnlineFlightBooking.20190919_123237.001.xlsx
Logs  : C:\projects\OnlineWebApplication\output\20190919_123236\logs\nexial-20190919_123236.log</system-out>
    </testcase>
    <testcase id="clickFlight" name="clickFlight" classname="BookingFlight" timestamp="2019-09-19T12:33:02" time="4.897">
      <failure type="failure found in test activity" message="1 of 1 FAILED. Check C:\projects\OnlineWebApplication\output\20190919_123236\OnlineFlightBooking.20190919_123237.001.xlsx for execution result, C:\projects\OnlineWebApplication\output\20190919_123236\logs\nexial-20190919_123236.log for execution logs" />
      <system-out>Total : 1
Passed: 0
Failed: 1
Output: C:\projects\OnlineWebApplication\output\20190919_123236\OnlineFlightBooking.20190919_123237.001.xlsx
Logs  : C:\projects\OnlineWebApplication\output\20190919_123236\logs\nexial-20190919_123236.log</system-out>
    </testcase>
    <testcase id="ClickBook" name="ClickBook" classname="BookingFlight" timestamp="2019-09-19T12:33:04" time="3.129">
      <system-out>Total : 1
Passed: 1
Failed: 0
Output: C:\projects\OnlineWebApplication\output\20190919_123236\OnlineFlightBooking.20190919_123237.001.xlsx
Logs  : C:\projects\OnlineWebApplication\output\20190919_123236\logs\nexial-20190919_123236.log</system-out>
    </testcase>
    <testcase id="writedatatocsv" name="writedatatocsv" classname="BookingFlight" timestamp="2019-09-19T12:33:05" time="1.913">
      <system-out>Total : 1
Passed: 1
Failed: 0
Output: C:\projects\OnlineWebApplication\output\20190919_123236\OnlineFlightBooking.20190919_123237.001.xlsx
Logs  : C:\projects\OnlineWebApplication\output\20190919_123236\logs\nexial-20190919_123236.log</system-out>
    </testcase>
  </testsuite>
</testsuites>
