<?xml version="1.0" encoding="UTF-8"?>
<testsuites name="20190919_123001" timestamp="2019-09-19T12:30:01" time="6.023" tests="0" errors="0">
  <testsuite id="1" name="OnlineFlightBooking" package="OnlineFlightBooking" hostname="ATMECSINDT-055" timestamp="2019-09-19T12:30:03" time="2.117" tests="0" errors="0">
    <properties>
      <property name="Run From" value="ATMECSINDT-055" />
      <property name="Run OS" value="amd64 Windows 10 10.0" />
      <property name="Run User" value="Sandhiya.Munisamy" />
      <property name="Iteration" value="1 of 1" />
      <property name="Script" value="OnlineFlightBooking.xlsx" />
    </properties>
  </testsuite>
</testsuites>
