<?xml version="1.0" encoding="UTF-8"?>
<testsuites name="20190919_122823" timestamp="2019-09-19T12:28:23" time="25.058" tests="7" errors="0">
  <testsuite id="1" name="OrangeHRM" package="OrangeHRM" hostname="ATMECSINDT-055" timestamp="2019-09-19T12:28:24" time="21.026" tests="7" errors="0">
    <properties>
      <property name="Run From" value="ATMECSINDT-055" />
      <property name="Run OS" value="amd64 Windows 10 10.0" />
      <property name="Run User" value="Sandhiya.Munisamy" />
      <property name="Iteration" value="1 of 1" />
      <property name="Script" value="OrangeHRM.xlsx" />
      <property name="Logs" value="C:\projects\OnlineWebApplication\output\20190919_122823\logs\nexial-20190919_122823.log" />
      <property name="Data File" value="OrangeHRM.data.xlsx" />
      <property name="DataSheet(s)" value="#default" />
      <property name="runtime args" value="-script C:\projects\OnlineWebApplication\artifact\script\OrangeHRM.xlsx" />
    </properties>
    <testcase id="Openurl" name="Openurl" classname="Scenario" timestamp="2019-09-19T12:28:27" time="18.566">
      <system-out>Total : 1
Passed: 1
Failed: 0
Output: C:\projects\OnlineWebApplication\output\20190919_122823\OrangeHRM.20190919_122824.001.xlsx
Logs  : C:\projects\OnlineWebApplication\output\20190919_122823\logs\nexial-20190919_122823.log</system-out>
    </testcase>
    <testcase id="MaximizeWindow" name="MaximizeWindow" classname="Scenario" timestamp="2019-09-19T12:28:35" time="10.364">
      <system-out>Total : 1
Passed: 1
Failed: 0
Output: C:\projects\OnlineWebApplication\output\20190919_122823\OrangeHRM.20190919_122824.001.xlsx
Logs  : C:\projects\OnlineWebApplication\output\20190919_122823\logs\nexial-20190919_122823.log</system-out>
    </testcase>
    <testcase id="ClickUsername" name="ClickUsername" classname="Scenario" timestamp="2019-09-19T12:28:37" time="8.577">
      <system-out>Total : 1
Passed: 1
Failed: 0
Output: C:\projects\OnlineWebApplication\output\20190919_122823\OrangeHRM.20190919_122824.001.xlsx
Logs  : C:\projects\OnlineWebApplication\output\20190919_122823\logs\nexial-20190919_122823.log</system-out>
    </testcase>
    <testcase id="EnterUserName" name="EnterUserName" classname="Scenario" timestamp="2019-09-19T12:28:37" time="7.791">
      <system-out>Total : 1
Passed: 1
Failed: 0
Output: C:\projects\OnlineWebApplication\output\20190919_122823\OrangeHRM.20190919_122824.001.xlsx
Logs  : C:\projects\OnlineWebApplication\output\20190919_122823\logs\nexial-20190919_122823.log</system-out>
    </testcase>
    <testcase id="ClickPassword" name="ClickPassword" classname="Scenario" timestamp="2019-09-19T12:28:38" time="6.914">
      <system-out>Total : 1
Passed: 1
Failed: 0
Output: C:\projects\OnlineWebApplication\output\20190919_122823\OrangeHRM.20190919_122824.001.xlsx
Logs  : C:\projects\OnlineWebApplication\output\20190919_122823\logs\nexial-20190919_122823.log</system-out>
    </testcase>
    <testcase id="EnterPassword" name="EnterPassword" classname="Scenario" timestamp="2019-09-19T12:28:39" time="6.195">
      <system-out>Total : 1
Passed: 1
Failed: 0
Output: C:\projects\OnlineWebApplication\output\20190919_122823\OrangeHRM.20190919_122824.001.xlsx
Logs  : C:\projects\OnlineWebApplication\output\20190919_122823\logs\nexial-20190919_122823.log</system-out>
    </testcase>
    <testcase id="signin" name="signin" classname="Scenario" timestamp="2019-09-19T12:28:40" time="5.310">
      <system-out>Total : 1
Passed: 1
Failed: 0
Output: C:\projects\OnlineWebApplication\output\20190919_122823\OrangeHRM.20190919_122824.001.xlsx
Logs  : C:\projects\OnlineWebApplication\output\20190919_122823\logs\nexial-20190919_122823.log</system-out>
    </testcase>
  </testsuite>
</testsuites>
