<?xml version="1.0" encoding="UTF-8"?>
<testsuites name="20190919_131152" timestamp="2019-09-19T13:11:52" time="24.070" tests="6" errors="0">
  <testsuite id="1" name="gmail" package="gmail" hostname="ATMECSINDT-055" timestamp="2019-09-19T13:11:54" time="19.392" tests="6" errors="0">
    <properties>
      <property name="Run From" value="ATMECSINDT-055" />
      <property name="Run OS" value="amd64 Windows 10 10.0" />
      <property name="Run User" value="Sandhiya.Munisamy" />
      <property name="Iteration" value="1 of 1" />
      <property name="Script" value="gmail.xlsx" />
      <property name="Logs" value="C:\projects\OnlineWebApplication\output\20190919_131152\logs\nexial-20190919_131152.log" />
      <property name="Data File" value="gmail.data.xlsx" />
      <property name="DataSheet(s)" value="#default" />
      <property name="runtime args" value="-script C:\projects\OnlineWebApplication\artifact\script\gmail.xlsx" />
    </properties>
    <testcase id="openUrl" name="openUrl" classname="Scenario" timestamp="2019-09-19T13:11:56" time="17.360">
      <system-out>Total : 1
Passed: 1
Failed: 0
Output: C:\projects\OnlineWebApplication\output\20190919_131152\gmail.20190919_131154.001.xlsx
Logs  : C:\projects\OnlineWebApplication\output\20190919_131152\logs\nexial-20190919_131152.log</system-out>
    </testcase>
    <testcase id="MaximizeWindow" name="MaximizeWindow" classname="Scenario" timestamp="2019-09-19T13:12:03" time="9.996">
      <system-out>Total : 1
Passed: 1
Failed: 0
Output: C:\projects\OnlineWebApplication\output\20190919_131152\gmail.20190919_131154.001.xlsx
Logs  : C:\projects\OnlineWebApplication\output\20190919_131152\logs\nexial-20190919_131152.log</system-out>
    </testcase>
    <testcase id="Email" name="Email" classname="Scenario" timestamp="2019-09-19T13:12:05" time="8.220">
      <system-out>Total : 1
Passed: 1
Failed: 0
Output: C:\projects\OnlineWebApplication\output\20190919_131152\gmail.20190919_131154.001.xlsx
Logs  : C:\projects\OnlineWebApplication\output\20190919_131152\logs\nexial-20190919_131152.log</system-out>
    </testcase>
    <testcase id="NextButton" name="NextButton" classname="Scenario" timestamp="2019-09-19T13:12:06" time="7.032">
      <system-out>Total : 1
Passed: 1
Failed: 0
Output: C:\projects\OnlineWebApplication\output\20190919_131152\gmail.20190919_131154.001.xlsx
Logs  : C:\projects\OnlineWebApplication\output\20190919_131152\logs\nexial-20190919_131152.log</system-out>
    </testcase>
    <testcase id="password" name="password" classname="Scenario" timestamp="2019-09-19T13:12:07" time="6.259">
      <system-out>Total : 1
Passed: 1
Failed: 0
Output: C:\projects\OnlineWebApplication\output\20190919_131152\gmail.20190919_131154.001.xlsx
Logs  : C:\projects\OnlineWebApplication\output\20190919_131152\logs\nexial-20190919_131152.log</system-out>
    </testcase>
    <testcase id="submitButton" name="submitButton" classname="Scenario" timestamp="2019-09-19T13:12:08" time="5.278">
      <system-out>Total : 1
Passed: 1
Failed: 0
Output: C:\projects\OnlineWebApplication\output\20190919_131152\gmail.20190919_131154.001.xlsx
Logs  : C:\projects\OnlineWebApplication\output\20190919_131152\logs\nexial-20190919_131152.log</system-out>
    </testcase>
  </testsuite>
</testsuites>
