<?xml version="1.0" encoding="UTF-8"?>
<testsuites name="20190919_123127" timestamp="2019-09-19T12:31:27" time="35.124" tests="16" errors="2">
  <testsuite id="1" name="OnlineFlightBooking" package="OnlineFlightBooking" hostname="ATMECSINDT-055" timestamp="2019-09-19T12:31:29" time="31.024" tests="16" errors="2">
    <properties>
      <property name="Run From" value="ATMECSINDT-055" />
      <property name="Run OS" value="amd64 Windows 10 10.0" />
      <property name="Run User" value="Sandhiya.Munisamy" />
      <property name="Iteration" value="1 of 1" />
      <property name="Script" value="OnlineFlightBooking.xlsx" />
      <property name="Logs" value="C:\projects\OnlineWebApplication\output\20190919_123127\logs\nexial-20190919_123127.log" />
      <property name="Data File" value="OnlineFlightBooking.data.xlsx" />
      <property name="DataSheet(s)" value="#default" />
      <property name="runtime args" value="-script C:\projects\OnlineWebApplication\artifact\script\OnlineFlightBooking.xlsx" />
    </properties>
    <testcase id="OpenUrl" name="OpenUrl" classname="BookingFlight" timestamp="2019-09-19T12:31:31" time="28.989">
      <system-out>Total : 1
Passed: 1
Failed: 0
Output: C:\projects\OnlineWebApplication\output\20190919_123127\OnlineFlightBooking.20190919_123129.001.xlsx
Logs  : C:\projects\OnlineWebApplication\output\20190919_123127\logs\nexial-20190919_123127.log</system-out>
    </testcase>
    <testcase id="maximize" name="maximize" classname="BookingFlight" timestamp="2019-09-19T12:31:41" time="18.710">
      <system-out>Total : 1
Passed: 1
Failed: 0
Output: C:\projects\OnlineWebApplication\output\20190919_123127\OnlineFlightBooking.20190919_123129.001.xlsx
Logs  : C:\projects\OnlineWebApplication\output\20190919_123127\logs\nexial-20190919_123127.log</system-out>
    </testcase>
    <testcase id="clickOnSource" name="clickOnSource" classname="BookingFlight" timestamp="2019-09-19T12:31:43" time="16.814">
      <system-out>Total : 1
Passed: 1
Failed: 0
Output: C:\projects\OnlineWebApplication\output\20190919_123127\OnlineFlightBooking.20190919_123129.001.xlsx
Logs  : C:\projects\OnlineWebApplication\output\20190919_123127\logs\nexial-20190919_123127.log</system-out>
    </testcase>
    <testcase id="TypeSource" name="TypeSource" classname="BookingFlight" timestamp="2019-09-19T12:31:44" time="15.749">
      <system-out>Total : 1
Passed: 1
Failed: 0
Output: C:\projects\OnlineWebApplication\output\20190919_123127\OnlineFlightBooking.20190919_123129.001.xlsx
Logs  : C:\projects\OnlineWebApplication\output\20190919_123127\logs\nexial-20190919_123127.log</system-out>
    </testcase>
    <testcase id="ClickDownArrowSrc" name="ClickDownArrowSrc" classname="BookingFlight" timestamp="2019-09-19T12:31:45" time="14.322">
      <system-out>Total : 1
Passed: 1
Failed: 0
Output: C:\projects\OnlineWebApplication\output\20190919_123127\OnlineFlightBooking.20190919_123129.001.xlsx
Logs  : C:\projects\OnlineWebApplication\output\20190919_123127\logs\nexial-20190919_123127.log</system-out>
    </testcase>
    <testcase id="ClickEnterSrc" name="ClickEnterSrc" classname="BookingFlight" timestamp="2019-09-19T12:31:47" time="12.971">
      <system-out>Total : 1
Passed: 1
Failed: 0
Output: C:\projects\OnlineWebApplication\output\20190919_123127\OnlineFlightBooking.20190919_123129.001.xlsx
Logs  : C:\projects\OnlineWebApplication\output\20190919_123127\logs\nexial-20190919_123127.log</system-out>
    </testcase>
    <testcase id="TypeDestination" name="TypeDestination" classname="BookingFlight" timestamp="2019-09-19T12:31:48" time="11.676">
      <system-out>Total : 1
Passed: 1
Failed: 0
Output: C:\projects\OnlineWebApplication\output\20190919_123127\OnlineFlightBooking.20190919_123129.001.xlsx
Logs  : C:\projects\OnlineWebApplication\output\20190919_123127\logs\nexial-20190919_123127.log</system-out>
    </testcase>
    <testcase id="ClickDownArrowDest" name="ClickDownArrowDest" classname="BookingFlight" timestamp="2019-09-19T12:31:49" time="10.725">
      <system-out>Total : 1
Passed: 1
Failed: 0
Output: C:\projects\OnlineWebApplication\output\20190919_123127\OnlineFlightBooking.20190919_123129.001.xlsx
Logs  : C:\projects\OnlineWebApplication\output\20190919_123127\logs\nexial-20190919_123127.log</system-out>
    </testcase>
    <testcase id="ClickEnterDes" name="ClickEnterDes" classname="BookingFlight" timestamp="2019-09-19T12:31:50" time="9.445">
      <system-out>Total : 1
Passed: 1
Failed: 0
Output: C:\projects\OnlineWebApplication\output\20190919_123127\OnlineFlightBooking.20190919_123129.001.xlsx
Logs  : C:\projects\OnlineWebApplication\output\20190919_123127\logs\nexial-20190919_123127.log</system-out>
    </testcase>
    <testcase id="SelectDepartureDate" name="SelectDepartureDate" classname="BookingFlight" timestamp="2019-09-19T12:31:52" time="8.141">
      <system-out>Total : 1
Passed: 1
Failed: 0
Output: C:\projects\OnlineWebApplication\output\20190919_123127\OnlineFlightBooking.20190919_123129.001.xlsx
Logs  : C:\projects\OnlineWebApplication\output\20190919_123127\logs\nexial-20190919_123127.log</system-out>
    </testcase>
    <testcase id="ClickReturnDate" name="ClickReturnDate" classname="BookingFlight" timestamp="2019-09-19T12:31:52" time="7.380">
      <system-out>Total : 1
Passed: 1
Failed: 0
Output: C:\projects\OnlineWebApplication\output\20190919_123127\OnlineFlightBooking.20190919_123129.001.xlsx
Logs  : C:\projects\OnlineWebApplication\output\20190919_123127\logs\nexial-20190919_123127.log</system-out>
    </testcase>
    <testcase id="SelectReturnDate" name="SelectReturnDate" classname="BookingFlight" timestamp="2019-09-19T12:31:53" time="6.631">
      <system-out>Total : 1
Passed: 1
Failed: 0
Output: C:\projects\OnlineWebApplication\output\20190919_123127\OnlineFlightBooking.20190919_123129.001.xlsx
Logs  : C:\projects\OnlineWebApplication\output\20190919_123127\logs\nexial-20190919_123127.log</system-out>
    </testcase>
    <testcase id="ClickSearch" name="ClickSearch" classname="BookingFlight" timestamp="2019-09-19T12:31:54" time="5.886">
      <system-out>Total : 1
Passed: 1
Failed: 0
Output: C:\projects\OnlineWebApplication\output\20190919_123127\OnlineFlightBooking.20190919_123129.001.xlsx
Logs  : C:\projects\OnlineWebApplication\output\20190919_123127\logs\nexial-20190919_123127.log</system-out>
    </testcase>
    <testcase id="clickFlight" name="clickFlight" classname="BookingFlight" timestamp="2019-09-19T12:31:55" time="5.062">
      <failure type="failure found in test activity" message="1 of 1 FAILED. Check C:\projects\OnlineWebApplication\output\20190919_123127\OnlineFlightBooking.20190919_123129.001.xlsx for execution result, C:\projects\OnlineWebApplication\output\20190919_123127\logs\nexial-20190919_123127.log for execution logs" />
      <system-out>Total : 1
Passed: 0
Failed: 1
Output: C:\projects\OnlineWebApplication\output\20190919_123127\OnlineFlightBooking.20190919_123129.001.xlsx
Logs  : C:\projects\OnlineWebApplication\output\20190919_123127\logs\nexial-20190919_123127.log</system-out>
    </testcase>
    <testcase id="ClickBook" name="ClickBook" classname="BookingFlight" timestamp="2019-09-19T12:31:56" time="3.412">
      <failure type="failure found in test activity" message="1 of 1 FAILED. Check C:\projects\OnlineWebApplication\output\20190919_123127\OnlineFlightBooking.20190919_123129.001.xlsx for execution result, C:\projects\OnlineWebApplication\output\20190919_123127\logs\nexial-20190919_123127.log for execution logs" />
      <system-out>Total : 1
Passed: 0
Failed: 1
Output: C:\projects\OnlineWebApplication\output\20190919_123127\OnlineFlightBooking.20190919_123129.001.xlsx
Logs  : C:\projects\OnlineWebApplication\output\20190919_123127\logs\nexial-20190919_123127.log</system-out>
    </testcase>
    <testcase id="writedatatocsv" name="writedatatocsv" classname="BookingFlight" timestamp="2019-09-19T12:31:58" time="1.866">
      <system-out>Total : 1
Passed: 1
Failed: 0
Output: C:\projects\OnlineWebApplication\output\20190919_123127\OnlineFlightBooking.20190919_123129.001.xlsx
Logs  : C:\projects\OnlineWebApplication\output\20190919_123127\logs\nexial-20190919_123127.log</system-out>
    </testcase>
  </testsuite>
</testsuites>
