<?xml version="1.0" encoding="UTF-8"?>
<testsuites name="20190919_121104" timestamp="2019-09-19T12:11:04" time="22.148" tests="6" errors="0">
  <testsuite id="1" name="gmail" package="gmail" hostname="ATMECSINDT-055" timestamp="2019-09-19T12:11:05" time="18.279" tests="6" errors="0">
    <properties>
      <property name="Run From" value="ATMECSINDT-055" />
      <property name="Run OS" value="amd64 Windows 10 10.0" />
      <property name="Run User" value="Sandhiya.Munisamy" />
      <property name="Iteration" value="1 of 1" />
      <property name="Script" value="gmail.xlsx" />
      <property name="Logs" value="C:\projects\OnlineWebApplication\output\20190919_121104\logs\nexial-20190919_121104.log" />
      <property name="Data File" value="gmail.data.xlsx" />
      <property name="DataSheet(s)" value="#default" />
      <property name="runtime args" value="-script C:\projects\OnlineWebApplication\artifact\script\gmail.xlsx" />
    </properties>
    <testcase id="Activity 1" name="Activity 1" classname="Scenario" timestamp="2019-09-19T12:11:07" time="16.148">
      <system-out>Total : 1
Passed: 1
Failed: 0
Output: C:\projects\OnlineWebApplication\output\20190919_121104\gmail.20190919_121105.001.xlsx
Logs  : C:\projects\OnlineWebApplication\output\20190919_121104\logs\nexial-20190919_121104.log</system-out>
    </testcase>
    <testcase id="openUrl" name="openUrl" classname="Scenario" timestamp="2019-09-19T12:11:08" time="15.222">
      <system-out>Total : 1
Passed: 1
Failed: 0
Output: C:\projects\OnlineWebApplication\output\20190919_121104\gmail.20190919_121105.001.xlsx
Logs  : C:\projects\OnlineWebApplication\output\20190919_121104\logs\nexial-20190919_121104.log</system-out>
    </testcase>
    <testcase id="Email" name="Email" classname="Scenario" timestamp="2019-09-19T12:11:15" time="8.131">
      <system-out>Total : 1
Passed: 1
Failed: 0
Output: C:\projects\OnlineWebApplication\output\20190919_121104\gmail.20190919_121105.001.xlsx
Logs  : C:\projects\OnlineWebApplication\output\20190919_121104\logs\nexial-20190919_121104.log</system-out>
    </testcase>
    <testcase id="NextButton" name="NextButton" classname="Scenario" timestamp="2019-09-19T12:11:16" time="7.019">
      <system-out>Total : 1
Passed: 1
Failed: 0
Output: C:\projects\OnlineWebApplication\output\20190919_121104\gmail.20190919_121105.001.xlsx
Logs  : C:\projects\OnlineWebApplication\output\20190919_121104\logs\nexial-20190919_121104.log</system-out>
    </testcase>
    <testcase id="password" name="password" classname="Scenario" timestamp="2019-09-19T12:11:17" time="6.182">
      <system-out>Total : 1
Passed: 1
Failed: 0
Output: C:\projects\OnlineWebApplication\output\20190919_121104\gmail.20190919_121105.001.xlsx
Logs  : C:\projects\OnlineWebApplication\output\20190919_121104\logs\nexial-20190919_121104.log</system-out>
    </testcase>
    <testcase id="submitButton" name="submitButton" classname="Scenario" timestamp="2019-09-19T12:11:18" time="4.861">
      <system-out>Total : 1
Passed: 1
Failed: 0
Output: C:\projects\OnlineWebApplication\output\20190919_121104\gmail.20190919_121105.001.xlsx
Logs  : C:\projects\OnlineWebApplication\output\20190919_121104\logs\nexial-20190919_121104.log</system-out>
    </testcase>
  </testsuite>
</testsuites>
