<?xml version="1.0" encoding="UTF-8"?>
<testsuites name="20190919_130918" timestamp="2019-09-19T13:09:18" time="39.255" tests="18" errors="0">
  <testsuite id="1" name="OnlineFlightBooking" package="OnlineFlightBooking" hostname="ATMECSINDT-055" timestamp="2019-09-19T13:09:20" time="34.272" tests="18" errors="0">
    <properties>
      <property name="Run From" value="ATMECSINDT-055" />
      <property name="Run OS" value="amd64 Windows 10 10.0" />
      <property name="Run User" value="Sandhiya.Munisamy" />
      <property name="Iteration" value="1 of 1" />
      <property name="Script" value="OnlineFlightBooking.xlsx" />
      <property name="Logs" value="C:\projects\OnlineWebApplication\output\20190919_130918\logs\nexial-20190919_130918.log" />
      <property name="Data File" value="OnlineFlightBooking.data.xlsx" />
      <property name="DataSheet(s)" value="#default" />
      <property name="runtime args" value="-script C:\projects\OnlineWebApplication\artifact\script\OnlineFlightBooking.xlsx" />
    </properties>
    <testcase id="OpenUrl" name="OpenUrl" classname="BookingFlight" timestamp="2019-09-19T13:09:22" time="32.251">
      <system-out>Total : 1
Passed: 1
Failed: 0
Output: C:\projects\OnlineWebApplication\output\20190919_130918\OnlineFlightBooking.20190919_130920.001.xlsx
Logs  : C:\projects\OnlineWebApplication\output\20190919_130918\logs\nexial-20190919_130918.log</system-out>
    </testcase>
    <testcase id="maximize" name="maximize" classname="BookingFlight" timestamp="2019-09-19T13:09:34" time="19.903">
      <system-out>Total : 1
Passed: 1
Failed: 0
Output: C:\projects\OnlineWebApplication\output\20190919_130918\OnlineFlightBooking.20190919_130920.001.xlsx
Logs  : C:\projects\OnlineWebApplication\output\20190919_130918\logs\nexial-20190919_130918.log</system-out>
    </testcase>
    <testcase id="AssertLogo" name="AssertLogo" classname="BookingFlight" timestamp="2019-09-19T13:09:36" time="18.100">
      <system-out>Total : 1
Passed: 1
Failed: 0
Output: C:\projects\OnlineWebApplication\output\20190919_130918\OnlineFlightBooking.20190919_130920.001.xlsx
Logs  : C:\projects\OnlineWebApplication\output\20190919_130918\logs\nexial-20190919_130918.log</system-out>
    </testcase>
    <testcase id="AssertTitle" name="AssertTitle" classname="BookingFlight" timestamp="2019-09-19T13:09:37" time="16.970">
      <system-out>Total : 1
Passed: 1
Failed: 0
Output: C:\projects\OnlineWebApplication\output\20190919_130918\OnlineFlightBooking.20190919_130920.001.xlsx
Logs  : C:\projects\OnlineWebApplication\output\20190919_130918\logs\nexial-20190919_130918.log</system-out>
    </testcase>
    <testcase id="ClickOnSource" name="ClickOnSource" classname="BookingFlight" timestamp="2019-09-19T13:09:38" time="16.249">
      <system-out>Total : 1
Passed: 1
Failed: 0
Output: C:\projects\OnlineWebApplication\output\20190919_130918\OnlineFlightBooking.20190919_130920.001.xlsx
Logs  : C:\projects\OnlineWebApplication\output\20190919_130918\logs\nexial-20190919_130918.log</system-out>
    </testcase>
    <testcase id="TypeSource" name="TypeSource" classname="BookingFlight" timestamp="2019-09-19T13:09:38" time="15.519">
      <system-out>Total : 1
Passed: 1
Failed: 0
Output: C:\projects\OnlineWebApplication\output\20190919_130918\OnlineFlightBooking.20190919_130920.001.xlsx
Logs  : C:\projects\OnlineWebApplication\output\20190919_130918\logs\nexial-20190919_130918.log</system-out>
    </testcase>
    <testcase id="ClickDownArrowSrc" name="ClickDownArrowSrc" classname="BookingFlight" timestamp="2019-09-19T13:09:39" time="14.566">
      <system-out>Total : 1
Passed: 1
Failed: 0
Output: C:\projects\OnlineWebApplication\output\20190919_130918\OnlineFlightBooking.20190919_130920.001.xlsx
Logs  : C:\projects\OnlineWebApplication\output\20190919_130918\logs\nexial-20190919_130918.log</system-out>
    </testcase>
    <testcase id="ClickEnterSrc" name="ClickEnterSrc" classname="BookingFlight" timestamp="2019-09-19T13:09:41" time="13.302">
      <system-out>Total : 1
Passed: 1
Failed: 0
Output: C:\projects\OnlineWebApplication\output\20190919_130918\OnlineFlightBooking.20190919_130920.001.xlsx
Logs  : C:\projects\OnlineWebApplication\output\20190919_130918\logs\nexial-20190919_130918.log</system-out>
    </testcase>
    <testcase id="TypeDestination" name="TypeDestination" classname="BookingFlight" timestamp="2019-09-19T13:09:42" time="11.970">
      <system-out>Total : 1
Passed: 1
Failed: 0
Output: C:\projects\OnlineWebApplication\output\20190919_130918\OnlineFlightBooking.20190919_130920.001.xlsx
Logs  : C:\projects\OnlineWebApplication\output\20190919_130918\logs\nexial-20190919_130918.log</system-out>
    </testcase>
    <testcase id="ClickDownArrowDest" name="ClickDownArrowDest" classname="BookingFlight" timestamp="2019-09-19T13:09:43" time="11.009">
      <system-out>Total : 1
Passed: 1
Failed: 0
Output: C:\projects\OnlineWebApplication\output\20190919_130918\OnlineFlightBooking.20190919_130920.001.xlsx
Logs  : C:\projects\OnlineWebApplication\output\20190919_130918\logs\nexial-20190919_130918.log</system-out>
    </testcase>
    <testcase id="ClickEnterDes" name="ClickEnterDes" classname="BookingFlight" timestamp="2019-09-19T13:09:44" time="9.755">
      <system-out>Total : 1
Passed: 1
Failed: 0
Output: C:\projects\OnlineWebApplication\output\20190919_130918\OnlineFlightBooking.20190919_130920.001.xlsx
Logs  : C:\projects\OnlineWebApplication\output\20190919_130918\logs\nexial-20190919_130918.log</system-out>
    </testcase>
    <testcase id="SelectDepartureDate" name="SelectDepartureDate" classname="BookingFlight" timestamp="2019-09-19T13:09:45" time="8.477">
      <system-out>Total : 1
Passed: 1
Failed: 0
Output: C:\projects\OnlineWebApplication\output\20190919_130918\OnlineFlightBooking.20190919_130920.001.xlsx
Logs  : C:\projects\OnlineWebApplication\output\20190919_130918\logs\nexial-20190919_130918.log</system-out>
    </testcase>
    <testcase id="ClickReturnDate" name="ClickReturnDate" classname="BookingFlight" timestamp="2019-09-19T13:09:46" time="7.735">
      <system-out>Total : 1
Passed: 1
Failed: 0
Output: C:\projects\OnlineWebApplication\output\20190919_130918\OnlineFlightBooking.20190919_130920.001.xlsx
Logs  : C:\projects\OnlineWebApplication\output\20190919_130918\logs\nexial-20190919_130918.log</system-out>
    </testcase>
    <testcase id="SelectReturnDate" name="SelectReturnDate" classname="BookingFlight" timestamp="2019-09-19T13:09:47" time="6.968">
      <system-out>Total : 1
Passed: 1
Failed: 0
Output: C:\projects\OnlineWebApplication\output\20190919_130918\OnlineFlightBooking.20190919_130920.001.xlsx
Logs  : C:\projects\OnlineWebApplication\output\20190919_130918\logs\nexial-20190919_130918.log</system-out>
    </testcase>
    <testcase id="ClickSearch" name="ClickSearch" classname="BookingFlight" timestamp="2019-09-19T13:09:48" time="6.233">
      <system-out>Total : 1
Passed: 1
Failed: 0
Output: C:\projects\OnlineWebApplication\output\20190919_130918\OnlineFlightBooking.20190919_130920.001.xlsx
Logs  : C:\projects\OnlineWebApplication\output\20190919_130918\logs\nexial-20190919_130918.log</system-out>
    </testcase>
    <testcase id="clickFlight" name="clickFlight" classname="BookingFlight" timestamp="2019-09-19T13:09:48" time="5.369">
      <system-out>Total : 1
Passed: 1
Failed: 0
Output: C:\projects\OnlineWebApplication\output\20190919_130918\OnlineFlightBooking.20190919_130920.001.xlsx
Logs  : C:\projects\OnlineWebApplication\output\20190919_130918\logs\nexial-20190919_130918.log</system-out>
    </testcase>
    <testcase id="ClickBook" name="ClickBook" classname="BookingFlight" timestamp="2019-09-19T13:09:50" time="3.471">
      <system-out>Total : 1
Passed: 1
Failed: 0
Output: C:\projects\OnlineWebApplication\output\20190919_130918\OnlineFlightBooking.20190919_130920.001.xlsx
Logs  : C:\projects\OnlineWebApplication\output\20190919_130918\logs\nexial-20190919_130918.log</system-out>
    </testcase>
    <testcase id="writedatatocsv" name="writedatatocsv" classname="BookingFlight" timestamp="2019-09-19T13:09:52" time="2.015">
      <system-out>Total : 1
Passed: 1
Failed: 0
Output: C:\projects\OnlineWebApplication\output\20190919_130918\OnlineFlightBooking.20190919_130920.001.xlsx
Logs  : C:\projects\OnlineWebApplication\output\20190919_130918\logs\nexial-20190919_130918.log</system-out>
    </testcase>
  </testsuite>
</testsuites>
