<?xml version="1.0" encoding="UTF-8"?>
<testsuites name="20190919_125909" timestamp="2019-09-19T12:59:09" time="40.372" tests="18" errors="1">
  <testsuite id="1" name="OnlineFlightBooking" package="OnlineFlightBooking" hostname="ATMECSINDT-055" timestamp="2019-09-19T12:59:11" time="34.858" tests="18" errors="1">
    <properties>
      <property name="Run From" value="ATMECSINDT-055" />
      <property name="Run OS" value="amd64 Windows 10 10.0" />
      <property name="Run User" value="Sandhiya.Munisamy" />
      <property name="Iteration" value="1 of 1" />
      <property name="Script" value="OnlineFlightBooking.xlsx" />
      <property name="Logs" value="C:\projects\OnlineWebApplication\output\20190919_125909\logs\nexial-20190919_125909.log" />
      <property name="Data File" value="OnlineFlightBooking.data.xlsx" />
      <property name="DataSheet(s)" value="#default" />
      <property name="runtime args" value="-script C:\projects\OnlineWebApplication\artifact\script\OnlineFlightBooking.xlsx" />
    </properties>
    <testcase id="OpenUrl" name="OpenUrl" classname="BookingFlight" timestamp="2019-09-19T12:59:16" time="30.136">
      <system-out>Total : 1
Passed: 1
Failed: 0
Output: C:\projects\OnlineWebApplication\output\20190919_125909\OnlineFlightBooking.20190919_125911.001.xlsx
Logs  : C:\projects\OnlineWebApplication\output\20190919_125909\logs\nexial-20190919_125909.log</system-out>
    </testcase>
    <testcase id="maximize" name="maximize" classname="BookingFlight" timestamp="2019-09-19T12:59:26" time="20.069">
      <system-out>Total : 1
Passed: 1
Failed: 0
Output: C:\projects\OnlineWebApplication\output\20190919_125909\OnlineFlightBooking.20190919_125911.001.xlsx
Logs  : C:\projects\OnlineWebApplication\output\20190919_125909\logs\nexial-20190919_125909.log</system-out>
    </testcase>
    <testcase id="AssertLogo" name="AssertLogo" classname="BookingFlight" timestamp="2019-09-19T12:59:28" time="18.276">
      <system-out>Total : 1
Passed: 1
Failed: 0
Output: C:\projects\OnlineWebApplication\output\20190919_125909\OnlineFlightBooking.20190919_125911.001.xlsx
Logs  : C:\projects\OnlineWebApplication\output\20190919_125909\logs\nexial-20190919_125909.log</system-out>
    </testcase>
    <testcase id="AssertTitle" name="AssertTitle" classname="BookingFlight" timestamp="2019-09-19T12:59:29" time="17.123">
      <failure type="failure found in test activity" message="1 of 1 FAILED. Check C:\projects\OnlineWebApplication\output\20190919_125909\OnlineFlightBooking.20190919_125911.001.xlsx for execution result, C:\projects\OnlineWebApplication\output\20190919_125909\logs\nexial-20190919_125909.log for execution logs" />
      <system-out>Total : 1
Passed: 0
Failed: 1
Output: C:\projects\OnlineWebApplication\output\20190919_125909\OnlineFlightBooking.20190919_125911.001.xlsx
Logs  : C:\projects\OnlineWebApplication\output\20190919_125909\logs\nexial-20190919_125909.log</system-out>
    </testcase>
    <testcase id="ClickOnSource" name="ClickOnSource" classname="BookingFlight" timestamp="2019-09-19T12:59:30" time="16.505">
      <system-out>Total : 1
Passed: 1
Failed: 0
Output: C:\projects\OnlineWebApplication\output\20190919_125909\OnlineFlightBooking.20190919_125911.001.xlsx
Logs  : C:\projects\OnlineWebApplication\output\20190919_125909\logs\nexial-20190919_125909.log</system-out>
    </testcase>
    <testcase id="TypeSource" name="TypeSource" classname="BookingFlight" timestamp="2019-09-19T12:59:30" time="15.761">
      <system-out>Total : 1
Passed: 1
Failed: 0
Output: C:\projects\OnlineWebApplication\output\20190919_125909\OnlineFlightBooking.20190919_125911.001.xlsx
Logs  : C:\projects\OnlineWebApplication\output\20190919_125909\logs\nexial-20190919_125909.log</system-out>
    </testcase>
    <testcase id="ClickDownArrowSrc" name="ClickDownArrowSrc" classname="BookingFlight" timestamp="2019-09-19T12:59:31" time="14.779">
      <system-out>Total : 1
Passed: 1
Failed: 0
Output: C:\projects\OnlineWebApplication\output\20190919_125909\OnlineFlightBooking.20190919_125911.001.xlsx
Logs  : C:\projects\OnlineWebApplication\output\20190919_125909\logs\nexial-20190919_125909.log</system-out>
    </testcase>
    <testcase id="ClickEnterSrc" name="ClickEnterSrc" classname="BookingFlight" timestamp="2019-09-19T12:59:33" time="13.478">
      <system-out>Total : 1
Passed: 1
Failed: 0
Output: C:\projects\OnlineWebApplication\output\20190919_125909\OnlineFlightBooking.20190919_125911.001.xlsx
Logs  : C:\projects\OnlineWebApplication\output\20190919_125909\logs\nexial-20190919_125909.log</system-out>
    </testcase>
    <testcase id="TypeDestination" name="TypeDestination" classname="BookingFlight" timestamp="2019-09-19T12:59:34" time="12.164">
      <system-out>Total : 1
Passed: 1
Failed: 0
Output: C:\projects\OnlineWebApplication\output\20190919_125909\OnlineFlightBooking.20190919_125911.001.xlsx
Logs  : C:\projects\OnlineWebApplication\output\20190919_125909\logs\nexial-20190919_125909.log</system-out>
    </testcase>
    <testcase id="ClickDownArrowDest" name="ClickDownArrowDest" classname="BookingFlight" timestamp="2019-09-19T12:59:35" time="11.217">
      <system-out>Total : 1
Passed: 1
Failed: 0
Output: C:\projects\OnlineWebApplication\output\20190919_125909\OnlineFlightBooking.20190919_125911.001.xlsx
Logs  : C:\projects\OnlineWebApplication\output\20190919_125909\logs\nexial-20190919_125909.log</system-out>
    </testcase>
    <testcase id="ClickEnterDes" name="ClickEnterDes" classname="BookingFlight" timestamp="2019-09-19T12:59:36" time="9.973">
      <system-out>Total : 1
Passed: 1
Failed: 0
Output: C:\projects\OnlineWebApplication\output\20190919_125909\OnlineFlightBooking.20190919_125911.001.xlsx
Logs  : C:\projects\OnlineWebApplication\output\20190919_125909\logs\nexial-20190919_125909.log</system-out>
    </testcase>
    <testcase id="SelectDepartureDate" name="SelectDepartureDate" classname="BookingFlight" timestamp="2019-09-19T12:59:37" time="8.676">
      <system-out>Total : 1
Passed: 1
Failed: 0
Output: C:\projects\OnlineWebApplication\output\20190919_125909\OnlineFlightBooking.20190919_125911.001.xlsx
Logs  : C:\projects\OnlineWebApplication\output\20190919_125909\logs\nexial-20190919_125909.log</system-out>
    </testcase>
    <testcase id="ClickReturnDate" name="ClickReturnDate" classname="BookingFlight" timestamp="2019-09-19T12:59:38" time="7.886">
      <system-out>Total : 1
Passed: 1
Failed: 0
Output: C:\projects\OnlineWebApplication\output\20190919_125909\OnlineFlightBooking.20190919_125911.001.xlsx
Logs  : C:\projects\OnlineWebApplication\output\20190919_125909\logs\nexial-20190919_125909.log</system-out>
    </testcase>
    <testcase id="SelectReturnDate" name="SelectReturnDate" classname="BookingFlight" timestamp="2019-09-19T12:59:39" time="7.110">
      <system-out>Total : 1
Passed: 1
Failed: 0
Output: C:\projects\OnlineWebApplication\output\20190919_125909\OnlineFlightBooking.20190919_125911.001.xlsx
Logs  : C:\projects\OnlineWebApplication\output\20190919_125909\logs\nexial-20190919_125909.log</system-out>
    </testcase>
    <testcase id="ClickSearch" name="ClickSearch" classname="BookingFlight" timestamp="2019-09-19T12:59:40" time="6.349">
      <system-out>Total : 1
Passed: 1
Failed: 0
Output: C:\projects\OnlineWebApplication\output\20190919_125909\OnlineFlightBooking.20190919_125911.001.xlsx
Logs  : C:\projects\OnlineWebApplication\output\20190919_125909\logs\nexial-20190919_125909.log</system-out>
    </testcase>
    <testcase id="clickFlight" name="clickFlight" classname="BookingFlight" timestamp="2019-09-19T12:59:41" time="5.472">
      <system-out>Total : 1
Passed: 1
Failed: 0
Output: C:\projects\OnlineWebApplication\output\20190919_125909\OnlineFlightBooking.20190919_125911.001.xlsx
Logs  : C:\projects\OnlineWebApplication\output\20190919_125909\logs\nexial-20190919_125909.log</system-out>
    </testcase>
    <testcase id="ClickBook" name="ClickBook" classname="BookingFlight" timestamp="2019-09-19T12:59:43" time="3.481">
      <system-out>Total : 1
Passed: 1
Failed: 0
Output: C:\projects\OnlineWebApplication\output\20190919_125909\OnlineFlightBooking.20190919_125911.001.xlsx
Logs  : C:\projects\OnlineWebApplication\output\20190919_125909\logs\nexial-20190919_125909.log</system-out>
    </testcase>
    <testcase id="writedatatocsv" name="writedatatocsv" classname="BookingFlight" timestamp="2019-09-19T12:59:44" time="2.398">
      <system-out>Total : 1
Passed: 1
Failed: 0
Output: C:\projects\OnlineWebApplication\output\20190919_125909\OnlineFlightBooking.20190919_125911.001.xlsx
Logs  : C:\projects\OnlineWebApplication\output\20190919_125909\logs\nexial-20190919_125909.log</system-out>
    </testcase>
  </testsuite>
</testsuites>
