<?xml version="1.0" encoding="UTF-8"?>
<testsuites name="20190919_121250" timestamp="2019-09-19T12:12:50" time="23.082" tests="6" errors="0">
  <testsuite id="1" name="gmail" package="gmail" hostname="ATMECSINDT-055" timestamp="2019-09-19T12:12:52" time="18.524" tests="6" errors="0">
    <properties>
      <property name="Run From" value="ATMECSINDT-055" />
      <property name="Run OS" value="amd64 Windows 10 10.0" />
      <property name="Run User" value="Sandhiya.Munisamy" />
      <property name="Iteration" value="1 of 1" />
      <property name="Script" value="gmail.xlsx" />
      <property name="Logs" value="C:\projects\OnlineWebApplication\output\20190919_121250\logs\nexial-20190919_121250.log" />
      <property name="Data File" value="gmail.data.xlsx" />
      <property name="DataSheet(s)" value="#default" />
      <property name="runtime args" value="-script C:\projects\OnlineWebApplication\artifact\script\gmail.xlsx" />
    </properties>
    <testcase id="Activity 1" name="Activity 1" classname="Scenario" timestamp="2019-09-19T12:12:54" time="16.524">
      <system-out>Total : 1
Passed: 1
Failed: 0
Output: C:\projects\OnlineWebApplication\output\20190919_121250\gmail.20190919_121252.001.xlsx
Logs  : C:\projects\OnlineWebApplication\output\20190919_121250\logs\nexial-20190919_121250.log</system-out>
    </testcase>
    <testcase id="openUrl" name="openUrl" classname="Scenario" timestamp="2019-09-19T12:12:55" time="15.559">
      <system-out>Total : 1
Passed: 1
Failed: 0
Output: C:\projects\OnlineWebApplication\output\20190919_121250\gmail.20190919_121252.001.xlsx
Logs  : C:\projects\OnlineWebApplication\output\20190919_121250\logs\nexial-20190919_121250.log</system-out>
    </testcase>
    <testcase id="Email" name="Email" classname="Scenario" timestamp="2019-09-19T12:13:02" time="8.398">
      <system-out>Total : 1
Passed: 1
Failed: 0
Output: C:\projects\OnlineWebApplication\output\20190919_121250\gmail.20190919_121252.001.xlsx
Logs  : C:\projects\OnlineWebApplication\output\20190919_121250\logs\nexial-20190919_121250.log</system-out>
    </testcase>
    <testcase id="NextButton" name="NextButton" classname="Scenario" timestamp="2019-09-19T12:13:03" time="7.228">
      <system-out>Total : 1
Passed: 1
Failed: 0
Output: C:\projects\OnlineWebApplication\output\20190919_121250\gmail.20190919_121252.001.xlsx
Logs  : C:\projects\OnlineWebApplication\output\20190919_121250\logs\nexial-20190919_121250.log</system-out>
    </testcase>
    <testcase id="password" name="password" classname="Scenario" timestamp="2019-09-19T12:13:04" time="6.418">
      <system-out>Total : 1
Passed: 1
Failed: 0
Output: C:\projects\OnlineWebApplication\output\20190919_121250\gmail.20190919_121252.001.xlsx
Logs  : C:\projects\OnlineWebApplication\output\20190919_121250\logs\nexial-20190919_121250.log</system-out>
    </testcase>
    <testcase id="submitButton" name="submitButton" classname="Scenario" timestamp="2019-09-19T12:13:05" time="5.329">
      <system-out>Total : 1
Passed: 1
Failed: 0
Output: C:\projects\OnlineWebApplication\output\20190919_121250\gmail.20190919_121252.001.xlsx
Logs  : C:\projects\OnlineWebApplication\output\20190919_121250\logs\nexial-20190919_121250.log</system-out>
    </testcase>
  </testsuite>
</testsuites>
