<?xml version="1.0" encoding="UTF-8"?>
<testsuites name="20190919_123525" timestamp="2019-09-19T12:35:25" time="36.121" tests="16" errors="2">
  <testsuite id="1" name="OnlineFlightBooking" package="OnlineFlightBooking" hostname="ATMECSINDT-055" timestamp="2019-09-19T12:35:26" time="32.092" tests="16" errors="2">
    <properties>
      <property name="Run From" value="ATMECSINDT-055" />
      <property name="Run OS" value="amd64 Windows 10 10.0" />
      <property name="Run User" value="Sandhiya.Munisamy" />
      <property name="Iteration" value="1 of 1" />
      <property name="Script" value="OnlineFlightBooking.xlsx" />
      <property name="Logs" value="C:\projects\OnlineWebApplication\output\20190919_123525\logs\nexial-20190919_123525.log" />
      <property name="Data File" value="OnlineFlightBooking.data.xlsx" />
      <property name="DataSheet(s)" value="#default" />
      <property name="runtime args" value="-script C:\projects\OnlineWebApplication\artifact\script\OnlineFlightBooking.xlsx" />
    </properties>
    <testcase id="OpenUrl" name="OpenUrl" classname="BookingFlight" timestamp="2019-09-19T12:35:29" time="29.948">
      <system-out>Total : 1
Passed: 1
Failed: 0
Output: C:\projects\OnlineWebApplication\output\20190919_123525\OnlineFlightBooking.20190919_123526.001.xlsx
Logs  : C:\projects\OnlineWebApplication\output\20190919_123525\logs\nexial-20190919_123525.log</system-out>
    </testcase>
    <testcase id="maximize" name="maximize" classname="BookingFlight" timestamp="2019-09-19T12:35:39" time="19.043">
      <system-out>Total : 1
Passed: 1
Failed: 0
Output: C:\projects\OnlineWebApplication\output\20190919_123525\OnlineFlightBooking.20190919_123526.001.xlsx
Logs  : C:\projects\OnlineWebApplication\output\20190919_123525\logs\nexial-20190919_123525.log</system-out>
    </testcase>
    <testcase id="clickOnSource" name="clickOnSource" classname="BookingFlight" timestamp="2019-09-19T12:35:41" time="17.236">
      <system-out>Total : 1
Passed: 1
Failed: 0
Output: C:\projects\OnlineWebApplication\output\20190919_123525\OnlineFlightBooking.20190919_123526.001.xlsx
Logs  : C:\projects\OnlineWebApplication\output\20190919_123525\logs\nexial-20190919_123525.log</system-out>
    </testcase>
    <testcase id="TypeSource" name="TypeSource" classname="BookingFlight" timestamp="2019-09-19T12:35:42" time="16.082">
      <system-out>Total : 1
Passed: 1
Failed: 0
Output: C:\projects\OnlineWebApplication\output\20190919_123525\OnlineFlightBooking.20190919_123526.001.xlsx
Logs  : C:\projects\OnlineWebApplication\output\20190919_123525\logs\nexial-20190919_123525.log</system-out>
    </testcase>
    <testcase id="ClickDownArrowSrc" name="ClickDownArrowSrc" classname="BookingFlight" timestamp="2019-09-19T12:35:43" time="14.991">
      <system-out>Total : 1
Passed: 1
Failed: 0
Output: C:\projects\OnlineWebApplication\output\20190919_123525\OnlineFlightBooking.20190919_123526.001.xlsx
Logs  : C:\projects\OnlineWebApplication\output\20190919_123525\logs\nexial-20190919_123525.log</system-out>
    </testcase>
    <testcase id="ClickEnterSrc" name="ClickEnterSrc" classname="BookingFlight" timestamp="2019-09-19T12:35:45" time="13.728">
      <system-out>Total : 1
Passed: 1
Failed: 0
Output: C:\projects\OnlineWebApplication\output\20190919_123525\OnlineFlightBooking.20190919_123526.001.xlsx
Logs  : C:\projects\OnlineWebApplication\output\20190919_123525\logs\nexial-20190919_123525.log</system-out>
    </testcase>
    <testcase id="TypeDestination" name="TypeDestination" classname="BookingFlight" timestamp="2019-09-19T12:35:46" time="12.488">
      <system-out>Total : 1
Passed: 1
Failed: 0
Output: C:\projects\OnlineWebApplication\output\20190919_123525\OnlineFlightBooking.20190919_123526.001.xlsx
Logs  : C:\projects\OnlineWebApplication\output\20190919_123525\logs\nexial-20190919_123525.log</system-out>
    </testcase>
    <testcase id="ClickDownArrowDest" name="ClickDownArrowDest" classname="BookingFlight" timestamp="2019-09-19T12:35:47" time="11.605">
      <system-out>Total : 1
Passed: 1
Failed: 0
Output: C:\projects\OnlineWebApplication\output\20190919_123525\OnlineFlightBooking.20190919_123526.001.xlsx
Logs  : C:\projects\OnlineWebApplication\output\20190919_123525\logs\nexial-20190919_123525.log</system-out>
    </testcase>
    <testcase id="ClickEnterDes" name="ClickEnterDes" classname="BookingFlight" timestamp="2019-09-19T12:35:48" time="10.363">
      <system-out>Total : 1
Passed: 1
Failed: 0
Output: C:\projects\OnlineWebApplication\output\20190919_123525\OnlineFlightBooking.20190919_123526.001.xlsx
Logs  : C:\projects\OnlineWebApplication\output\20190919_123525\logs\nexial-20190919_123525.log</system-out>
    </testcase>
    <testcase id="SelectDepartureDate" name="SelectDepartureDate" classname="BookingFlight" timestamp="2019-09-19T12:35:49" time="9.091">
      <system-out>Total : 1
Passed: 1
Failed: 0
Output: C:\projects\OnlineWebApplication\output\20190919_123525\OnlineFlightBooking.20190919_123526.001.xlsx
Logs  : C:\projects\OnlineWebApplication\output\20190919_123525\logs\nexial-20190919_123525.log</system-out>
    </testcase>
    <testcase id="ClickReturnDate" name="ClickReturnDate" classname="BookingFlight" timestamp="2019-09-19T12:35:50" time="8.338">
      <system-out>Total : 1
Passed: 1
Failed: 0
Output: C:\projects\OnlineWebApplication\output\20190919_123525\OnlineFlightBooking.20190919_123526.001.xlsx
Logs  : C:\projects\OnlineWebApplication\output\20190919_123525\logs\nexial-20190919_123525.log</system-out>
    </testcase>
    <testcase id="SelectReturnDate" name="SelectReturnDate" classname="BookingFlight" timestamp="2019-09-19T12:35:51" time="7.576">
      <system-out>Total : 1
Passed: 1
Failed: 0
Output: C:\projects\OnlineWebApplication\output\20190919_123525\OnlineFlightBooking.20190919_123526.001.xlsx
Logs  : C:\projects\OnlineWebApplication\output\20190919_123525\logs\nexial-20190919_123525.log</system-out>
    </testcase>
    <testcase id="ClickSearch" name="ClickSearch" classname="BookingFlight" timestamp="2019-09-19T12:35:52" time="6.851">
      <system-out>Total : 1
Passed: 1
Failed: 0
Output: C:\projects\OnlineWebApplication\output\20190919_123525\OnlineFlightBooking.20190919_123526.001.xlsx
Logs  : C:\projects\OnlineWebApplication\output\20190919_123525\logs\nexial-20190919_123525.log</system-out>
    </testcase>
    <testcase id="clickFlight" name="clickFlight" classname="BookingFlight" timestamp="2019-09-19T12:35:52" time="5.989">
      <failure type="failure found in test activity" message="1 of 1 FAILED. Check C:\projects\OnlineWebApplication\output\20190919_123525\OnlineFlightBooking.20190919_123526.001.xlsx for execution result, C:\projects\OnlineWebApplication\output\20190919_123525\logs\nexial-20190919_123525.log for execution logs" />
      <system-out>Total : 1
Passed: 0
Failed: 1
Output: C:\projects\OnlineWebApplication\output\20190919_123525\OnlineFlightBooking.20190919_123526.001.xlsx
Logs  : C:\projects\OnlineWebApplication\output\20190919_123525\logs\nexial-20190919_123525.log</system-out>
    </testcase>
    <testcase id="ClickBook" name="ClickBook" classname="BookingFlight" timestamp="2019-09-19T12:35:54" time="4.471">
      <failure type="failure found in test activity" message="1 of 1 FAILED. Check C:\projects\OnlineWebApplication\output\20190919_123525\OnlineFlightBooking.20190919_123526.001.xlsx for execution result, C:\projects\OnlineWebApplication\output\20190919_123525\logs\nexial-20190919_123525.log for execution logs" />
      <system-out>Total : 1
Passed: 0
Failed: 1
Output: C:\projects\OnlineWebApplication\output\20190919_123525\OnlineFlightBooking.20190919_123526.001.xlsx
Logs  : C:\projects\OnlineWebApplication\output\20190919_123525\logs\nexial-20190919_123525.log</system-out>
    </testcase>
    <testcase id="writedatatocsv" name="writedatatocsv" classname="BookingFlight" timestamp="2019-09-19T12:35:56" time="2.627">
      <system-out>Total : 1
Passed: 1
Failed: 0
Output: C:\projects\OnlineWebApplication\output\20190919_123525\OnlineFlightBooking.20190919_123526.001.xlsx
Logs  : C:\projects\OnlineWebApplication\output\20190919_123525\logs\nexial-20190919_123525.log</system-out>
    </testcase>
  </testsuite>
</testsuites>
